2023-12-22 11:55:46.070 [main] INFO  NettyLogger - Connected is exposed to PostgreSQL database!
2023-12-22 11:56:15.055 [main] INFO  NettyLogger - Connected is exposed to PostgreSQL database!
2023-12-22 11:56:16.524 [main] WARN  Exposed - Transaction attempt #0 failed: Подсоединение по адресу localhost:5432 отклонено. Проверьте что хост и порт указаны правильно и что postmaster принимает TCP/IP-подсоединения.. Statement(s): null
org.postgresql.util.PSQLException: Подсоединение по адресу localhost:5432 отклонено. Проверьте что хост и порт указаны правильно и что postmaster принимает TCP/IP-подсоединения.
	at org.postgresql.core.v3.ConnectionFactoryImpl.openConnectionImpl(ConnectionFactoryImpl.java:342)
	at org.postgresql.core.ConnectionFactory.openConnection(ConnectionFactory.java:54)
	at org.postgresql.jdbc.PgConnection.<init>(PgConnection.java:263)
	at org.postgresql.Driver.makeConnection(Driver.java:443)
	at org.postgresql.Driver.connect(Driver.java:297)
	at java.sql/java.sql.DriverManager.getConnection(DriverManager.java:681)
	at java.sql/java.sql.DriverManager.getConnection(DriverManager.java:229)
	at org.jetbrains.exposed.sql.Database$Companion$connect$7.invoke(Database.kt:196)
	at org.jetbrains.exposed.sql.Database$Companion$connect$7.invoke(Database.kt:196)
	at org.jetbrains.exposed.sql.Database$Companion$doConnect$3.invoke(Database.kt:175)
	at org.jetbrains.exposed.sql.Database$Companion$doConnect$3.invoke(Database.kt:176)
	at org.jetbrains.exposed.sql.transactions.ThreadLocalTransactionManager$ThreadLocalTransaction$connectionLazy$1.invoke(ThreadLocalTransactionManager.kt:40)
	at org.jetbrains.exposed.sql.transactions.ThreadLocalTransactionManager$ThreadLocalTransaction$connectionLazy$1.invoke(ThreadLocalTransactionManager.kt:39)
	at kotlin.UnsafeLazyImpl.getValue(Lazy.kt:81)
	at org.jetbrains.exposed.sql.transactions.ThreadLocalTransactionManager$ThreadLocalTransaction.getConnection(ThreadLocalTransactionManager.kt:46)
	at org.jetbrains.exposed.sql.Transaction.getConnection(Transaction.kt)
	at org.jetbrains.exposed.sql.Database.metadata$exposed(Database.kt:30)
	at org.jetbrains.exposed.sql.Database$identifierManager$2.invoke(Database.kt:51)
	at org.jetbrains.exposed.sql.Database$identifierManager$2.invoke(Database.kt:51)
	at kotlin.SynchronizedLazyImpl.getValue(LazyJVM.kt:74)
	at org.jetbrains.exposed.sql.Database.getIdentifierManager$exposed(Database.kt:51)
	at org.jetbrains.exposed.sql.Transaction$fullIdentity$2.invoke(Transaction.kt:219)
	at org.jetbrains.exposed.sql.Transaction$fullIdentity$2.invoke(Transaction.kt:215)
	at org.jetbrains.exposed.sql.QueryBuilder.invoke(Expression.kt:34)
	at org.jetbrains.exposed.sql.Transaction.fullIdentity$exposed(Transaction.kt:215)
	at org.jetbrains.exposed.sql.Column.toQueryBuilder(Column.kt:33)
	at org.jetbrains.exposed.sql.QueryBuilder.unaryPlus(Expression.kt:19)
	at org.jetbrains.exposed.sql.Query$prepareSQL$1$1.invoke(Query.kt:179)
	at org.jetbrains.exposed.sql.Query$prepareSQL$1$1.invoke(Query.kt:179)
	at org.jetbrains.exposed.sql.QueryBuilder.appendTo(Expression.kt:14)
	at org.jetbrains.exposed.sql.QueryBuilder.appendTo$default(Expression.kt:10)
	at org.jetbrains.exposed.sql.Query$prepareSQL$1.invoke(Query.kt:179)
	at org.jetbrains.exposed.sql.Query$prepareSQL$1.invoke(Query.kt:169)
	at org.jetbrains.exposed.sql.QueryBuilder.invoke(Expression.kt:34)
	at org.jetbrains.exposed.sql.Query.prepareSQL(Query.kt:169)
	at org.jetbrains.exposed.sql.AbstractQuery.arguments(AbstractQuery.kt:38)
	at org.jetbrains.exposed.sql.AbstractQuery.arguments(AbstractQuery.kt:9)
	at org.jetbrains.exposed.sql.statements.Statement.executeIn$exposed(Statement.kt:32)
	at org.jetbrains.exposed.sql.Transaction.exec(Transaction.kt:184)
	at org.jetbrains.exposed.sql.Transaction.exec(Transaction.kt:126)
	at org.jetbrains.exposed.sql.AbstractQuery.iterator(AbstractQuery.kt:67)
	at kotlin.collections.CollectionsKt___CollectionsKt.toCollection(_Collections.kt:1295)
	at kotlin.collections.CollectionsKt___CollectionsKt.toMutableList(_Collections.kt:1328)
	at kotlin.collections.CollectionsKt___CollectionsKt.toList(_Collections.kt:1319)
	at org.example.project.DAL.ExposedPostgres$getTableDataAsJson$1.invoke(ExposedPostgres.kt:48)
	at org.example.project.DAL.ExposedPostgres$getTableDataAsJson$1.invoke(ExposedPostgres.kt:46)
	at org.jetbrains.exposed.sql.transactions.ThreadLocalTransactionManagerKt.inTopLevelTransaction$run(ThreadLocalTransactionManager.kt:156)
	at org.jetbrains.exposed.sql.transactions.ThreadLocalTransactionManagerKt.access$inTopLevelTransaction$run(ThreadLocalTransactionManager.kt:1)
	at org.jetbrains.exposed.sql.transactions.ThreadLocalTransactionManagerKt$inTopLevelTransaction$1.invoke(ThreadLocalTransactionManager.kt:197)
	at org.jetbrains.exposed.sql.transactions.ThreadLocalTransactionManagerKt.keepAndRestoreTransactionRefAfterRun(ThreadLocalTransactionManager.kt:205)
	at org.jetbrains.exposed.sql.transactions.ThreadLocalTransactionManagerKt.inTopLevelTransaction(ThreadLocalTransactionManager.kt:196)
	at org.jetbrains.exposed.sql.transactions.ThreadLocalTransactionManagerKt$transaction$1.invoke(ThreadLocalTransactionManager.kt:134)
	at org.jetbrains.exposed.sql.transactions.ThreadLocalTransactionManagerKt.keepAndRestoreTransactionRefAfterRun(ThreadLocalTransactionManager.kt:205)
	at org.jetbrains.exposed.sql.transactions.ThreadLocalTransactionManagerKt.transaction(ThreadLocalTransactionManager.kt:106)
	at org.jetbrains.exposed.sql.transactions.ThreadLocalTransactionManagerKt.transaction(ThreadLocalTransactionManager.kt:104)
	at org.jetbrains.exposed.sql.transactions.ThreadLocalTransactionManagerKt.transaction$default(ThreadLocalTransactionManager.kt:103)
	at org.example.project.DAL.ExposedPostgres.getTableDataAsJson(ExposedPostgres.kt:46)
	at org.example.project.ApplicationKt.main(Application.kt:32)
	at org.example.project.ApplicationKt.main(Application.kt)
Caused by: java.net.ConnectException: Connection refused: no further information
	at java.base/sun.nio.ch.Net.pollConnect(Native Method)
	at java.base/sun.nio.ch.Net.pollConnectNow(Net.java:672)
	at java.base/sun.nio.ch.NioSocketImpl.timedFinishConnect(NioSocketImpl.java:547)
	at java.base/sun.nio.ch.NioSocketImpl.connect(NioSocketImpl.java:602)
	at java.base/java.net.SocksSocketImpl.connect(SocksSocketImpl.java:327)
	at java.base/java.net.Socket.connect(Socket.java:633)
	at org.postgresql.core.PGStream.createSocket(PGStream.java:243)
	at org.postgresql.core.PGStream.<init>(PGStream.java:98)
	at org.postgresql.core.v3.ConnectionFactoryImpl.tryConnect(ConnectionFactoryImpl.java:132)
	at org.postgresql.core.v3.ConnectionFactoryImpl.openConnectionImpl(ConnectionFactoryImpl.java:258)
	... 58 common frames omitted
2023-12-22 11:56:16.541 [main] WARN  Exposed - Transaction attempt #1 failed: Подсоединение по адресу localhost:5432 отклонено. Проверьте что хост и порт указаны правильно и что postmaster принимает TCP/IP-подсоединения.. Statement(s): null
org.postgresql.util.PSQLException: Подсоединение по адресу localhost:5432 отклонено. Проверьте что хост и порт указаны правильно и что postmaster принимает TCP/IP-подсоединения.
	at org.postgresql.core.v3.ConnectionFactoryImpl.openConnectionImpl(ConnectionFactoryImpl.java:342)
	at org.postgresql.core.ConnectionFactory.openConnection(ConnectionFactory.java:54)
	at org.postgresql.jdbc.PgConnection.<init>(PgConnection.java:263)
	at org.postgresql.Driver.makeConnection(Driver.java:443)
	at org.postgresql.Driver.connect(Driver.java:297)
	at java.sql/java.sql.DriverManager.getConnection(DriverManager.java:681)
	at java.sql/java.sql.DriverManager.getConnection(DriverManager.java:229)
	at org.jetbrains.exposed.sql.Database$Companion$connect$7.invoke(Database.kt:196)
	at org.jetbrains.exposed.sql.Database$Companion$connect$7.invoke(Database.kt:196)
	at org.jetbrains.exposed.sql.Database$Companion$doConnect$3.invoke(Database.kt:175)
	at org.jetbrains.exposed.sql.Database$Companion$doConnect$3.invoke(Database.kt:176)
	at org.jetbrains.exposed.sql.transactions.ThreadLocalTransactionManager$ThreadLocalTransaction$connectionLazy$1.invoke(ThreadLocalTransactionManager.kt:40)
	at org.jetbrains.exposed.sql.transactions.ThreadLocalTransactionManager$ThreadLocalTransaction$connectionLazy$1.invoke(ThreadLocalTransactionManager.kt:39)
	at kotlin.UnsafeLazyImpl.getValue(Lazy.kt:81)
	at org.jetbrains.exposed.sql.transactions.ThreadLocalTransactionManager$ThreadLocalTransaction.getConnection(ThreadLocalTransactionManager.kt:46)
	at org.jetbrains.exposed.sql.Transaction.getConnection(Transaction.kt)
	at org.jetbrains.exposed.sql.Database.metadata$exposed(Database.kt:30)
	at org.jetbrains.exposed.sql.Database$identifierManager$2.invoke(Database.kt:51)
	at org.jetbrains.exposed.sql.Database$identifierManager$2.invoke(Database.kt:51)
	at kotlin.SynchronizedLazyImpl.getValue(LazyJVM.kt:74)
	at org.jetbrains.exposed.sql.Database.getIdentifierManager$exposed(Database.kt:51)
	at org.jetbrains.exposed.sql.Transaction$fullIdentity$2.invoke(Transaction.kt:219)
	at org.jetbrains.exposed.sql.Transaction$fullIdentity$2.invoke(Transaction.kt:215)
	at org.jetbrains.exposed.sql.QueryBuilder.invoke(Expression.kt:34)
	at org.jetbrains.exposed.sql.Transaction.fullIdentity$exposed(Transaction.kt:215)
	at org.jetbrains.exposed.sql.Column.toQueryBuilder(Column.kt:33)
	at org.jetbrains.exposed.sql.QueryBuilder.unaryPlus(Expression.kt:19)
	at org.jetbrains.exposed.sql.Query$prepareSQL$1$1.invoke(Query.kt:179)
	at org.jetbrains.exposed.sql.Query$prepareSQL$1$1.invoke(Query.kt:179)
	at org.jetbrains.exposed.sql.QueryBuilder.appendTo(Expression.kt:14)
	at org.jetbrains.exposed.sql.QueryBuilder.appendTo$default(Expression.kt:10)
	at org.jetbrains.exposed.sql.Query$prepareSQL$1.invoke(Query.kt:179)
	at org.jetbrains.exposed.sql.Query$prepareSQL$1.invoke(Query.kt:169)
	at org.jetbrains.exposed.sql.QueryBuilder.invoke(Expression.kt:34)
	at org.jetbrains.exposed.sql.Query.prepareSQL(Query.kt:169)
	at org.jetbrains.exposed.sql.AbstractQuery.arguments(AbstractQuery.kt:38)
	at org.jetbrains.exposed.sql.AbstractQuery.arguments(AbstractQuery.kt:9)
	at org.jetbrains.exposed.sql.statements.Statement.executeIn$exposed(Statement.kt:32)
	at org.jetbrains.exposed.sql.Transaction.exec(Transaction.kt:184)
	at org.jetbrains.exposed.sql.Transaction.exec(Transaction.kt:126)
	at org.jetbrains.exposed.sql.AbstractQuery.iterator(AbstractQuery.kt:67)
	at kotlin.collections.CollectionsKt___CollectionsKt.toCollection(_Collections.kt:1295)
	at kotlin.collections.CollectionsKt___CollectionsKt.toMutableList(_Collections.kt:1328)
	at kotlin.collections.CollectionsKt___CollectionsKt.toList(_Collections.kt:1319)
	at org.example.project.DAL.ExposedPostgres$getTableDataAsJson$1.invoke(ExposedPostgres.kt:48)
	at org.example.project.DAL.ExposedPostgres$getTableDataAsJson$1.invoke(ExposedPostgres.kt:46)
	at org.jetbrains.exposed.sql.transactions.ThreadLocalTransactionManagerKt.inTopLevelTransaction$run(ThreadLocalTransactionManager.kt:156)
	at org.jetbrains.exposed.sql.transactions.ThreadLocalTransactionManagerKt.access$inTopLevelTransaction$run(ThreadLocalTransactionManager.kt:1)
	at org.jetbrains.exposed.sql.transactions.ThreadLocalTransactionManagerKt$inTopLevelTransaction$1.invoke(ThreadLocalTransactionManager.kt:197)
	at org.jetbrains.exposed.sql.transactions.ThreadLocalTransactionManagerKt.keepAndRestoreTransactionRefAfterRun(ThreadLocalTransactionManager.kt:205)
	at org.jetbrains.exposed.sql.transactions.ThreadLocalTransactionManagerKt.inTopLevelTransaction(ThreadLocalTransactionManager.kt:196)
	at org.jetbrains.exposed.sql.transactions.ThreadLocalTransactionManagerKt$transaction$1.invoke(ThreadLocalTransactionManager.kt:134)
	at org.jetbrains.exposed.sql.transactions.ThreadLocalTransactionManagerKt.keepAndRestoreTransactionRefAfterRun(ThreadLocalTransactionManager.kt:205)
	at org.jetbrains.exposed.sql.transactions.ThreadLocalTransactionManagerKt.transaction(ThreadLocalTransactionManager.kt:106)
	at org.jetbrains.exposed.sql.transactions.ThreadLocalTransactionManagerKt.transaction(ThreadLocalTransactionManager.kt:104)
	at org.jetbrains.exposed.sql.transactions.ThreadLocalTransactionManagerKt.transaction$default(ThreadLocalTransactionManager.kt:103)
	at org.example.project.DAL.ExposedPostgres.getTableDataAsJson(ExposedPostgres.kt:46)
	at org.example.project.ApplicationKt.main(Application.kt:32)
	at org.example.project.ApplicationKt.main(Application.kt)
Caused by: java.net.ConnectException: Connection refused: no further information
	at java.base/sun.nio.ch.Net.pollConnect(Native Method)
	at java.base/sun.nio.ch.Net.pollConnectNow(Net.java:672)
	at java.base/sun.nio.ch.NioSocketImpl.timedFinishConnect(NioSocketImpl.java:547)
	at java.base/sun.nio.ch.NioSocketImpl.connect(NioSocketImpl.java:602)
	at java.base/java.net.SocksSocketImpl.connect(SocksSocketImpl.java:327)
	at java.base/java.net.Socket.connect(Socket.java:633)
	at org.postgresql.core.PGStream.createSocket(PGStream.java:243)
	at org.postgresql.core.PGStream.<init>(PGStream.java:98)
	at org.postgresql.core.v3.ConnectionFactoryImpl.tryConnect(ConnectionFactoryImpl.java:132)
	at org.postgresql.core.v3.ConnectionFactoryImpl.openConnectionImpl(ConnectionFactoryImpl.java:258)
	... 58 common frames omitted
2023-12-22 11:56:16.602 [main] WARN  Exposed - Transaction attempt #2 failed: Подсоединение по адресу localhost:5432 отклонено. Проверьте что хост и порт указаны правильно и что postmaster принимает TCP/IP-подсоединения.. Statement(s): null
org.postgresql.util.PSQLException: Подсоединение по адресу localhost:5432 отклонено. Проверьте что хост и порт указаны правильно и что postmaster принимает TCP/IP-подсоединения.
	at org.postgresql.core.v3.ConnectionFactoryImpl.openConnectionImpl(ConnectionFactoryImpl.java:342)
	at org.postgresql.core.ConnectionFactory.openConnection(ConnectionFactory.java:54)
	at org.postgresql.jdbc.PgConnection.<init>(PgConnection.java:263)
	at org.postgresql.Driver.makeConnection(Driver.java:443)
	at org.postgresql.Driver.connect(Driver.java:297)
	at java.sql/java.sql.DriverManager.getConnection(DriverManager.java:681)
	at java.sql/java.sql.DriverManager.getConnection(DriverManager.java:229)
	at org.jetbrains.exposed.sql.Database$Companion$connect$7.invoke(Database.kt:196)
	at org.jetbrains.exposed.sql.Database$Companion$connect$7.invoke(Database.kt:196)
	at org.jetbrains.exposed.sql.Database$Companion$doConnect$3.invoke(Database.kt:175)
	at org.jetbrains.exposed.sql.Database$Companion$doConnect$3.invoke(Database.kt:176)
	at org.jetbrains.exposed.sql.transactions.ThreadLocalTransactionManager$ThreadLocalTransaction$connectionLazy$1.invoke(ThreadLocalTransactionManager.kt:40)
	at org.jetbrains.exposed.sql.transactions.ThreadLocalTransactionManager$ThreadLocalTransaction$connectionLazy$1.invoke(ThreadLocalTransactionManager.kt:39)
	at kotlin.UnsafeLazyImpl.getValue(Lazy.kt:81)
	at org.jetbrains.exposed.sql.transactions.ThreadLocalTransactionManager$ThreadLocalTransaction.getConnection(ThreadLocalTransactionManager.kt:46)
	at org.jetbrains.exposed.sql.Transaction.getConnection(Transaction.kt)
	at org.jetbrains.exposed.sql.Database.metadata$exposed(Database.kt:30)
	at org.jetbrains.exposed.sql.Database$identifierManager$2.invoke(Database.kt:51)
	at org.jetbrains.exposed.sql.Database$identifierManager$2.invoke(Database.kt:51)
	at kotlin.SynchronizedLazyImpl.getValue(LazyJVM.kt:74)
	at org.jetbrains.exposed.sql.Database.getIdentifierManager$exposed(Database.kt:51)
	at org.jetbrains.exposed.sql.Transaction$fullIdentity$2.invoke(Transaction.kt:219)
	at org.jetbrains.exposed.sql.Transaction$fullIdentity$2.invoke(Transaction.kt:215)
	at org.jetbrains.exposed.sql.QueryBuilder.invoke(Expression.kt:34)
	at org.jetbrains.exposed.sql.Transaction.fullIdentity$exposed(Transaction.kt:215)
	at org.jetbrains.exposed.sql.Column.toQueryBuilder(Column.kt:33)
	at org.jetbrains.exposed.sql.QueryBuilder.unaryPlus(Expression.kt:19)
	at org.jetbrains.exposed.sql.Query$prepareSQL$1$1.invoke(Query.kt:179)
	at org.jetbrains.exposed.sql.Query$prepareSQL$1$1.invoke(Query.kt:179)
	at org.jetbrains.exposed.sql.QueryBuilder.appendTo(Expression.kt:14)
	at org.jetbrains.exposed.sql.QueryBuilder.appendTo$default(Expression.kt:10)
	at org.jetbrains.exposed.sql.Query$prepareSQL$1.invoke(Query.kt:179)
	at org.jetbrains.exposed.sql.Query$prepareSQL$1.invoke(Query.kt:169)
	at org.jetbrains.exposed.sql.QueryBuilder.invoke(Expression.kt:34)
	at org.jetbrains.exposed.sql.Query.prepareSQL(Query.kt:169)
	at org.jetbrains.exposed.sql.AbstractQuery.arguments(AbstractQuery.kt:38)
	at org.jetbrains.exposed.sql.AbstractQuery.arguments(AbstractQuery.kt:9)
	at org.jetbrains.exposed.sql.statements.Statement.executeIn$exposed(Statement.kt:32)
	at org.jetbrains.exposed.sql.Transaction.exec(Transaction.kt:184)
	at org.jetbrains.exposed.sql.Transaction.exec(Transaction.kt:126)
	at org.jetbrains.exposed.sql.AbstractQuery.iterator(AbstractQuery.kt:67)
	at kotlin.collections.CollectionsKt___CollectionsKt.toCollection(_Collections.kt:1295)
	at kotlin.collections.CollectionsKt___CollectionsKt.toMutableList(_Collections.kt:1328)
	at kotlin.collections.CollectionsKt___CollectionsKt.toList(_Collections.kt:1319)
	at org.example.project.DAL.ExposedPostgres$getTableDataAsJson$1.invoke(ExposedPostgres.kt:48)
	at org.example.project.DAL.ExposedPostgres$getTableDataAsJson$1.invoke(ExposedPostgres.kt:46)
	at org.jetbrains.exposed.sql.transactions.ThreadLocalTransactionManagerKt.inTopLevelTransaction$run(ThreadLocalTransactionManager.kt:156)
	at org.jetbrains.exposed.sql.transactions.ThreadLocalTransactionManagerKt.access$inTopLevelTransaction$run(ThreadLocalTransactionManager.kt:1)
	at org.jetbrains.exposed.sql.transactions.ThreadLocalTransactionManagerKt$inTopLevelTransaction$1.invoke(ThreadLocalTransactionManager.kt:197)
	at org.jetbrains.exposed.sql.transactions.ThreadLocalTransactionManagerKt.keepAndRestoreTransactionRefAfterRun(ThreadLocalTransactionManager.kt:205)
	at org.jetbrains.exposed.sql.transactions.ThreadLocalTransactionManagerKt.inTopLevelTransaction(ThreadLocalTransactionManager.kt:196)
	at org.jetbrains.exposed.sql.transactions.ThreadLocalTransactionManagerKt$transaction$1.invoke(ThreadLocalTransactionManager.kt:134)
	at org.jetbrains.exposed.sql.transactions.ThreadLocalTransactionManagerKt.keepAndRestoreTransactionRefAfterRun(ThreadLocalTransactionManager.kt:205)
	at org.jetbrains.exposed.sql.transactions.ThreadLocalTransactionManagerKt.transaction(ThreadLocalTransactionManager.kt:106)
	at org.jetbrains.exposed.sql.transactions.ThreadLocalTransactionManagerKt.transaction(ThreadLocalTransactionManager.kt:104)
	at org.jetbrains.exposed.sql.transactions.ThreadLocalTransactionManagerKt.transaction$default(ThreadLocalTransactionManager.kt:103)
	at org.example.project.DAL.ExposedPostgres.getTableDataAsJson(ExposedPostgres.kt:46)
	at org.example.project.ApplicationKt.main(Application.kt:32)
	at org.example.project.ApplicationKt.main(Application.kt)
Caused by: java.net.ConnectException: Connection refused: no further information
	at java.base/sun.nio.ch.Net.pollConnect(Native Method)
	at java.base/sun.nio.ch.Net.pollConnectNow(Net.java:672)
	at java.base/sun.nio.ch.NioSocketImpl.timedFinishConnect(NioSocketImpl.java:547)
	at java.base/sun.nio.ch.NioSocketImpl.connect(NioSocketImpl.java:602)
	at java.base/java.net.SocksSocketImpl.connect(SocksSocketImpl.java:327)
	at java.base/java.net.Socket.connect(Socket.java:633)
	at org.postgresql.core.PGStream.createSocket(PGStream.java:243)
	at org.postgresql.core.PGStream.<init>(PGStream.java:98)
	at org.postgresql.core.v3.ConnectionFactoryImpl.tryConnect(ConnectionFactoryImpl.java:132)
	at org.postgresql.core.v3.ConnectionFactoryImpl.openConnectionImpl(ConnectionFactoryImpl.java:258)
	... 58 common frames omitted
2023-12-22 11:56:16.605 [main] ERROR NettyLogger - EXEPCTION Подсоединение по адресу localhost:5432 отклонено. Проверьте что хост и порт указаны правильно и что postmaster принимает TCP/IP-подсоединения.
2023-12-22 11:56:17.316 [main] INFO  Application - Autoreload is disabled because the development mode is off.
2023-12-22 11:56:17.403 [main] INFO  Application - Application started in 0.199 seconds.
2023-12-22 11:56:18.640 [DefaultDispatcher-worker-1] INFO  Application - Responding at https://127.0.0.1:8888
